# JRE version: Java(TM) SE Runtime Environment (8.0_151-b12) (build 1.8.0_151-b12)
# Java VM: Java HotSpot(TM) 64-Bit Server VM (25.151-b12 mixed mode windows-amd64 compressed oops)
Heap:
 PSYoungGen      total 216064K, used 88531K [0x00000000d5700000, 0x00000000e5a00000, 0x0000000100000000)
  eden space 181760K, 48% used [0x00000000d5700000,0x00000000dac54840,0x00000000e0880000)
  from space 34304K, 3% used [0x00000000e2800000,0x00000000e29204b8,0x00000000e4980000)
  to   space 32256K, 0% used [0x00000000e0880000,0x00000000e0880000,0x00000000e2800000)
 ParOldGen       total 122368K, used 44499K [0x0000000080400000, 0x0000000087b80000, 0x00000000d5700000)
  object space 122368K, 36% used [0x0000000080400000,0x0000000082f74fd0,0x0000000087b80000)
 Metaspace       used 15908K, capacity 16146K, committed 16256K, reserved 1062912K
  class space    used 2062K, capacity 2155K, committed 2176K, reserved 1048576K
GC Heap History (10 events):
Event: 2.373 GC heap before
{Heap before GC invocations=3 (full 0):
 PSYoungGen      total 71680K, used 71536K [0x00000000d5700000, 0x00000000da200000, 0x0000000100000000)
  eden space 66560K, 100% used [0x00000000d5700000,0x00000000d9800000,0x00000000d9800000)
  from space 5120K, 97% used [0x00000000d9d00000,0x00000000da1dc158,0x00000000da200000)
  to   space 5120K, 0% used [0x00000000d9800000,0x00000000d9800000,0x00000000d9d00000)
 ParOldGen       total 87552K, used 28360K [0x0000000080400000, 0x0000000085980000, 0x00000000d5700000)
  object space 87552K, 32% used [0x0000000080400000,0x0000000081fb2300,0x0000000085980000)
 Metaspace       used 14089K, capacity 14334K, committed 14592K, reserved 1062912K
  class space    used 1612K, capacity 1705K, committed 1792K, reserved 1048576K
Event: 2.397 GC heap after
Heap after GC invocations=3 (full 0):
 PSYoungGen      total 71680K, used 5107K [0x00000000d5700000, 0x00000000de300000, 0x0000000100000000)
  eden space 66560K, 0% used [0x00000000d5700000,0x00000000d5700000,0x00000000d9800000)
  from space 5120K, 99% used [0x00000000d9800000,0x00000000d9cfcd90,0x00000000d9d00000)
  to   space 5120K, 0% used [0x00000000dde00000,0x00000000dde00000,0x00000000de300000)
 ParOldGen       total 87552K, used 59624K [0x0000000080400000, 0x0000000085980000, 0x00000000d5700000)
  object space 87552K, 68% used [0x0000000080400000,0x0000000083e3a238,0x0000000085980000)
 Metaspace       used 14089K, capacity 14334K, committed 14592K, reserved 1062912K
  class space    used 1612K, capacity 1705K, committed 1792K, reserved 1048576K
}
Event: 2.398 GC heap before
{Heap before GC invocations=4 (full 1):
 PSYoungGen      total 71680K, used 5107K [0x00000000d5700000, 0x00000000de300000, 0x0000000100000000)
  eden space 66560K, 0% used [0x00000000d5700000,0x00000000d5700000,0x00000000d9800000)
  from space 5120K, 99% used [0x00000000d9800000,0x00000000d9cfcd90,0x00000000d9d00000)
  to   space 5120K, 0% used [0x00000000dde00000,0x00000000dde00000,0x00000000de300000)
 ParOldGen       total 87552K, used 59624K [0x0000000080400000, 0x0000000085980000, 0x00000000d5700000)
  object space 87552K, 68% used [0x0000000080400000,0x0000000083e3a238,0x0000000085980000)
 Metaspace       used 14089K, capacity 14334K, committed 14592K, reserved 1062912K
  class space    used 1612K, capacity 1705K, committed 1792K, reserved 1048576K
Event: 2.421 GC heap after
Heap after GC invocations=4 (full 1):
 PSYoungGen      total 71680K, used 0K [0x00000000d5700000, 0x00000000de300000, 0x0000000100000000)
  eden space 66560K, 0% used [0x00000000d5700000,0x00000000d5700000,0x00000000d9800000)
  from space 5120K, 0% used [0x00000000d9800000,0x00000000d9800000,0x00000000d9d00000)
  to   space 5120K, 0% used [0x00000000dde00000,0x00000000dde00000,0x00000000de300000)
 ParOldGen       total 122368K, used 44475K [0x0000000080400000, 0x0000000087b80000, 0x00000000d5700000)
  object space 122368K, 36% used [0x0000000080400000,0x0000000082f6efd0,0x0000000087b80000)
 Metaspace       used 14089K, capacity 14334K, committed 14592K, reserved 1062912K
  class space    used 1612K, capacity 1705K, committed 1792K, reserved 1048576K
}
Event: 2.585 GC heap before
{Heap before GC invocations=5 (full 1):
 PSYoungGen      total 71680K, used 66560K [0x00000000d5700000, 0x00000000de300000, 0x0000000100000000)
  eden space 66560K, 100% used [0x00000000d5700000,0x00000000d9800000,0x00000000d9800000)
  from space 5120K, 0% used [0x00000000d9800000,0x00000000d9800000,0x00000000d9d00000)
  to   space 5120K, 0% used [0x00000000dde00000,0x00000000dde00000,0x00000000de300000)
 ParOldGen       total 122368K, used 44475K [0x0000000080400000, 0x0000000087b80000, 0x00000000d5700000)
  object space 122368K, 36% used [0x0000000080400000,0x0000000082f6efd0,0x0000000087b80000)
 Metaspace       used 14104K, capacity 14334K, committed 14592K, reserved 1062912K
  class space    used 1612K, capacity 1705K, committed 1792K, reserved 1048576K
Event: 2.586 GC heap after
Heap after GC invocations=5 (full 1):
 PSYoungGen      total 111616K, used 64K [0x00000000d5700000, 0x00000000dde80000, 0x0000000100000000)
  eden space 111104K, 0% used [0x00000000d5700000,0x00000000d5700000,0x00000000dc380000)
  from space 512K, 12% used [0x00000000dde00000,0x00000000dde10000,0x00000000dde80000)
  to   space 5120K, 0% used [0x00000000dd480000,0x00000000dd480000,0x00000000dd980000)
 ParOldGen       total 122368K, used 44483K [0x0000000080400000, 0x0000000087b80000, 0x00000000d5700000)
  object space 122368K, 36% used [0x0000000080400000,0x0000000082f70fd0,0x0000000087b80000)
 Metaspace       used 14104K, capacity 14334K, committed 14592K, reserved 1062912K
  class space    used 1612K, capacity 1705K, committed 1792K, reserved 1048576K
}
Event: 2.843 GC heap before
{Heap before GC invocations=6 (full 1):
 PSYoungGen      total 111616K, used 111168K [0x00000000d5700000, 0x00000000dde80000, 0x0000000100000000)
  eden space 111104K, 100% used [0x00000000d5700000,0x00000000dc380000,0x00000000dc380000)
  from space 512K, 12% used [0x00000000dde00000,0x00000000dde10000,0x00000000dde80000)
  to   space 5120K, 0% used [0x00000000dd480000,0x00000000dd480000,0x00000000dd980000)
 ParOldGen       total 122368K, used 44483K [0x0000000080400000, 0x0000000087b80000, 0x00000000d5700000)
  object space 122368K, 36% used [0x0000000080400000,0x0000000082f70fd0,0x0000000087b80000)
 Metaspace       used 14184K, capacity 14406K, committed 14592K, reserved 1062912K
  class space    used 1612K, capacity 1705K, committed 1792K, reserved 1048576K
Event: 2.845 GC heap after
Heap after GC invocations=6 (full 1):
 PSYoungGen      total 133632K, used 96K [0x00000000d5700000, 0x00000000e4980000, 0x0000000100000000)
  eden space 128512K, 0% used [0x00000000d5700000,0x00000000d5700000,0x00000000dd480000)
  from space 5120K, 1% used [0x00000000dd480000,0x00000000dd498000,0x00000000dd980000)
  to   space 34304K, 0% used [0x00000000e2800000,0x00000000e2800000,0x00000000e4980000)
 ParOldGen       total 122368K, used 44491K [0x0000000080400000, 0x0000000087b80000, 0x00000000d5700000)
  object space 122368K, 36% used [0x0000000080400000,0x0000000082f72fd0,0x0000000087b80000)
 Metaspace       used 14184K, capacity 14406K, committed 14592K, reserved 1062912K
  class space    used 1612K, capacity 1705K, committed 1792K, reserved 1048576K
}
Event: 3.740 GC heap before
{Heap before GC invocations=7 (full 1):
 PSYoungGen      total 133632K, used 128608K [0x00000000d5700000, 0x00000000e4980000, 0x0000000100000000)
  eden space 128512K, 100% used [0x00000000d5700000,0x00000000dd480000,0x00000000dd480000)
  from space 5120K, 1% used [0x00000000dd480000,0x00000000dd498000,0x00000000dd980000)
  to   space 34304K, 0% used [0x00000000e2800000,0x00000000e2800000,0x00000000e4980000)
 ParOldGen       total 122368K, used 44491K [0x0000000080400000, 0x0000000087b80000, 0x00000000d5700000)
  object space 122368K, 36% used [0x0000000080400000,0x0000000082f72fd0,0x0000000087b80000)
 Metaspace       used 15797K, capacity 15986K, committed 16256K, reserved 1062912K
  class space    used 2057K, capacity 2123K, committed 2176K, reserved 1048576K
Event: 3.743 GC heap after
Heap after GC invocations=7 (full 1):
 PSYoungGen      total 216064K, used 1153K [0x00000000d5700000, 0x00000000e5a00000, 0x0000000100000000)
  eden space 181760K, 0% used [0x00000000d5700000,0x00000000d5700000,0x00000000e0880000)
  from space 34304K, 3% used [0x00000000e2800000,0x00000000e29204b8,0x00000000e4980000)
  to   space 32256K, 0% used [0x00000000e0880000,0x00000000e0880000,0x00000000e2800000)
 ParOldGen       total 122368K, used 44499K [0x0000000080400000, 0x0000000087b80000, 0x00000000d5700000)
  object space 122368K, 36% used [0x0000000080400000,0x0000000082f74fd0,0x0000000087b80000)
 Metaspace       used 15797K, capacity 15986K, committed 16256K, reserved 1062912K
  class space    used 2057K, capacity 2123K, committed 2176K, reserved 1048576K
}

