# JRE version: Java(TM) SE Runtime Environment (8.0_151-b12) (build 1.8.0_151-b12)
# Java VM: Java HotSpot(TM) 64-Bit Server VM (25.151-b12 mixed mode windows-amd64 compressed oops)
Heap:
 PSYoungGen      total 245248K, used 120392K [0x00000000d5700000, 0x00000000e7480000, 0x0000000100000000)
  eden space 213504K, 56% used [0x00000000d5700000,0x00000000dcbee310,0x00000000e2780000)
  from space 31744K, 2% used [0x00000000e5580000,0x00000000e5624010,0x00000000e7480000)
  to   space 39424K, 0% used [0x00000000e2780000,0x00000000e2780000,0x00000000e4e00000)
 ParOldGen       total 120832K, used 44406K [0x0000000080400000, 0x0000000087a00000, 0x00000000d5700000)
  object space 120832K, 36% used [0x0000000080400000,0x0000000082f5d828,0x0000000087a00000)
 Metaspace       used 15873K, capacity 16050K, committed 16256K, reserved 1062912K
  class space    used 2050K, capacity 2123K, committed 2176K, reserved 1048576K
GC Heap History (10 events):
Event: 2.293 GC heap before
{Heap before GC invocations=3 (full 0):
 PSYoungGen      total 71680K, used 71667K [0x00000000d5700000, 0x00000000da200000, 0x0000000100000000)
  eden space 66560K, 100% used [0x00000000d5700000,0x00000000d9800000,0x00000000d9800000)
  from space 5120K, 99% used [0x00000000d9d00000,0x00000000da1fcff8,0x00000000da200000)
  to   space 5120K, 0% used [0x00000000d9800000,0x00000000d9800000,0x00000000d9d00000)
 ParOldGen       total 87552K, used 27517K [0x0000000080400000, 0x0000000085980000, 0x00000000d5700000)
  object space 87552K, 31% used [0x0000000080400000,0x0000000081edf508,0x0000000085980000)
 Metaspace       used 13926K, capacity 14078K, committed 14208K, reserved 1062912K
  class space    used 1593K, capacity 1641K, committed 1664K, reserved 1048576K
Event: 2.314 GC heap after
Heap after GC invocations=3 (full 0):
 PSYoungGen      total 71680K, used 5098K [0x00000000d5700000, 0x00000000de300000, 0x0000000100000000)
  eden space 66560K, 0% used [0x00000000d5700000,0x00000000d5700000,0x00000000d9800000)
  from space 5120K, 99% used [0x00000000d9800000,0x00000000d9cfa8d0,0x00000000d9d00000)
  to   space 5120K, 0% used [0x00000000dde00000,0x00000000dde00000,0x00000000de300000)
 ParOldGen       total 87552K, used 55281K [0x0000000080400000, 0x0000000085980000, 0x00000000d5700000)
  object space 87552K, 63% used [0x0000000080400000,0x00000000839fc7e0,0x0000000085980000)
 Metaspace       used 13926K, capacity 14078K, committed 14208K, reserved 1062912K
  class space    used 1593K, capacity 1641K, committed 1664K, reserved 1048576K
}
Event: 2.461 GC heap before
{Heap before GC invocations=4 (full 0):
 PSYoungGen      total 71680K, used 71658K [0x00000000d5700000, 0x00000000de300000, 0x0000000100000000)
  eden space 66560K, 100% used [0x00000000d5700000,0x00000000d9800000,0x00000000d9800000)
  from space 5120K, 99% used [0x00000000d9800000,0x00000000d9cfa8d0,0x00000000d9d00000)
  to   space 5120K, 0% used [0x00000000dde00000,0x00000000dde00000,0x00000000de300000)
 ParOldGen       total 87552K, used 55281K [0x0000000080400000, 0x0000000085980000, 0x00000000d5700000)
  object space 87552K, 63% used [0x0000000080400000,0x00000000839fc7e0,0x0000000085980000)
 Metaspace       used 13965K, capacity 14142K, committed 14464K, reserved 1062912K
  class space    used 1593K, capacity 1641K, committed 1664K, reserved 1048576K
Event: 2.465 GC heap after
Heap after GC invocations=4 (full 0):
 PSYoungGen      total 138240K, used 5098K [0x00000000d5700000, 0x00000000de300000, 0x0000000100000000)
  eden space 133120K, 0% used [0x00000000d5700000,0x00000000d5700000,0x00000000dd900000)
  from space 5120K, 99% used [0x00000000dde00000,0x00000000de2fa8d0,0x00000000de300000)
  to   space 5120K, 0% used [0x00000000dd900000,0x00000000dd900000,0x00000000dde00000)
 ParOldGen       total 87552K, used 56245K [0x0000000080400000, 0x0000000085980000, 0x00000000d5700000)
  object space 87552K, 64% used [0x0000000080400000,0x0000000083aed7f0,0x0000000085980000)
 Metaspace       used 13965K, capacity 14142K, committed 14464K, reserved 1062912K
  class space    used 1593K, capacity 1641K, committed 1664K, reserved 1048576K
}
Event: 2.465 GC heap before
{Heap before GC invocations=5 (full 1):
 PSYoungGen      total 138240K, used 5098K [0x00000000d5700000, 0x00000000de300000, 0x0000000100000000)
  eden space 133120K, 0% used [0x00000000d5700000,0x00000000d5700000,0x00000000dd900000)
  from space 5120K, 99% used [0x00000000dde00000,0x00000000de2fa8d0,0x00000000de300000)
  to   space 5120K, 0% used [0x00000000dd900000,0x00000000dd900000,0x00000000dde00000)
 ParOldGen       total 87552K, used 56245K [0x0000000080400000, 0x0000000085980000, 0x00000000d5700000)
  object space 87552K, 64% used [0x0000000080400000,0x0000000083aed7f0,0x0000000085980000)
 Metaspace       used 13965K, capacity 14142K, committed 14464K, reserved 1062912K
  class space    used 1593K, capacity 1641K, committed 1664K, reserved 1048576K
Event: 2.488 GC heap after
Heap after GC invocations=5 (full 1):
 PSYoungGen      total 138240K, used 0K [0x00000000d5700000, 0x00000000de300000, 0x0000000100000000)
  eden space 133120K, 0% used [0x00000000d5700000,0x00000000d5700000,0x00000000dd900000)
  from space 5120K, 0% used [0x00000000dde00000,0x00000000dde00000,0x00000000de300000)
  to   space 5120K, 0% used [0x00000000dd900000,0x00000000dd900000,0x00000000dde00000)
 ParOldGen       total 120832K, used 44390K [0x0000000080400000, 0x0000000087a00000, 0x00000000d5700000)
  object space 120832K, 36% used [0x0000000080400000,0x0000000082f59828,0x0000000087a00000)
 Metaspace       used 13965K, capacity 14142K, committed 14464K, reserved 1062912K
  class space    used 1593K, capacity 1641K, committed 1664K, reserved 1048576K
}
Event: 3.006 GC heap before
{Heap before GC invocations=6 (full 1):
 PSYoungGen      total 138240K, used 133120K [0x00000000d5700000, 0x00000000de300000, 0x0000000100000000)
  eden space 133120K, 100% used [0x00000000d5700000,0x00000000dd900000,0x00000000dd900000)
  from space 5120K, 0% used [0x00000000dde00000,0x00000000dde00000,0x00000000de300000)
  to   space 5120K, 0% used [0x00000000dd900000,0x00000000dd900000,0x00000000dde00000)
 ParOldGen       total 120832K, used 44390K [0x0000000080400000, 0x0000000087a00000, 0x00000000d5700000)
  object space 120832K, 36% used [0x0000000080400000,0x0000000082f59828,0x0000000087a00000)
 Metaspace       used 15447K, capacity 15658K, committed 16000K, reserved 1062912K
  class space    used 2042K, capacity 2123K, committed 2176K, reserved 1048576K
Event: 3.009 GC heap after
Heap after GC invocations=6 (full 1):
 PSYoungGen      total 138240K, used 1025K [0x00000000d5700000, 0x00000000e7c00000, 0x0000000100000000)
  eden space 133120K, 0% used [0x00000000d5700000,0x00000000d5700000,0x00000000dd900000)
  from space 5120K, 20% used [0x00000000dd900000,0x00000000dda004b8,0x00000000dde00000)
  to   space 39424K, 0% used [0x00000000e5580000,0x00000000e5580000,0x00000000e7c00000)
 ParOldGen       total 120832K, used 44398K [0x0000000080400000, 0x0000000087a00000, 0x00000000d5700000)
  object space 120832K, 36% used [0x0000000080400000,0x0000000082f5b828,0x0000000087a00000)
 Metaspace       used 15447K, capacity 15658K, committed 16000K, reserved 1062912K
  class space    used 2042K, capacity 2123K, committed 2176K, reserved 1048576K
}
Event: 3.961 GC heap before
{Heap before GC invocations=7 (full 1):
 PSYoungGen      total 138240K, used 134145K [0x00000000d5700000, 0x00000000e7c00000, 0x0000000100000000)
  eden space 133120K, 100% used [0x00000000d5700000,0x00000000dd900000,0x00000000dd900000)
  from space 5120K, 20% used [0x00000000dd900000,0x00000000dda004b8,0x00000000dde00000)
  to   space 39424K, 0% used [0x00000000e5580000,0x00000000e5580000,0x00000000e7c00000)
 ParOldGen       total 120832K, used 44398K [0x0000000080400000, 0x0000000087a00000, 0x00000000d5700000)
  object space 120832K, 36% used [0x0000000080400000,0x0000000082f5b828,0x0000000087a00000)
 Metaspace       used 15809K, capacity 15986K, committed 16256K, reserved 1062912K
  class space    used 2045K, capacity 2123K, committed 2176K, reserved 1048576K
Event: 3.963 GC heap after
Heap after GC invocations=7 (full 1):
 PSYoungGen      total 245248K, used 656K [0x00000000d5700000, 0x00000000e7480000, 0x0000000100000000)
  eden space 213504K, 0% used [0x00000000d5700000,0x00000000d5700000,0x00000000e2780000)
  from space 31744K, 2% used [0x00000000e5580000,0x00000000e5624010,0x00000000e7480000)
  to   space 39424K, 0% used [0x00000000e2780000,0x00000000e2780000,0x00000000e4e00000)
 ParOldGen       total 120832K, used 44406K [0x0000000080400000, 0x0000000087a00000, 0x00000000d5700000)
  object space 120832K, 36% used [0x0000000080400000,0x0000000082f5d828,0x0000000087a00000)
 Metaspace       used 15809K, capacity 15986K, committed 16256K, reserved 1062912K
  class space    used 2045K, capacity 2123K, committed 2176K, reserved 1048576K
}

