# JRE version: Java(TM) SE Runtime Environment (8.0_151-b12) (build 1.8.0_151-b12)
# Java VM: Java HotSpot(TM) 64-Bit Server VM (25.151-b12 mixed mode windows-amd64 compressed oops)
Heap:
 PSYoungGen      total 451072K, used 365085K [0x00000000d5700000, 0x00000000f2900000, 0x0000000100000000)
  eden space 425984K, 85% used [0x00000000d5700000,0x00000000eba872d8,0x00000000ef700000)
  from space 25088K, 4% used [0x00000000f1080000,0x00000000f11804b8,0x00000000f2900000)
  to   space 25600K, 0% used [0x00000000ef700000,0x00000000ef700000,0x00000000f1000000)
 ParOldGen       total 87552K, used 62364K [0x0000000080400000, 0x0000000085980000, 0x00000000d5700000)
  object space 87552K, 71% used [0x0000000080400000,0x00000000840e7150,0x0000000085980000)
 Metaspace       used 16081K, capacity 16252K, committed 16512K, reserved 1062912K
  class space    used 2060K, capacity 2126K, committed 2176K, reserved 1048576K
GC Heap History (10 events):
Event: 3.027 GC heap before
{Heap before GC invocations=6 (full 0):
 PSYoungGen      total 71680K, used 71592K [0x00000000d5700000, 0x00000000e0e00000, 0x0000000100000000)
  eden space 66560K, 100% used [0x00000000d5700000,0x00000000d9800000,0x00000000d9800000)
  from space 5120K, 98% used [0x00000000d9800000,0x00000000d9cea080,0x00000000d9d00000)
  to   space 27136K, 0% used [0x00000000df380000,0x00000000df380000,0x00000000e0e00000)
 ParOldGen       total 87552K, used 58326K [0x0000000080400000, 0x0000000085980000, 0x00000000d5700000)
  object space 87552K, 66% used [0x0000000080400000,0x0000000083cf5a68,0x0000000085980000)
 Metaspace       used 14154K, capacity 14398K, committed 14592K, reserved 1062912K
  class space    used 1609K, capacity 1705K, committed 1792K, reserved 1048576K
Event: 3.031 GC heap after
Heap after GC invocations=6 (full 0):
 PSYoungGen      total 159232K, used 4100K [0x00000000d5700000, 0x00000000e0d00000, 0x0000000100000000)
  eden space 133120K, 0% used [0x00000000d5700000,0x00000000d5700000,0x00000000dd900000)
  from space 26112K, 15% used [0x00000000df380000,0x00000000df781070,0x00000000e0d00000)
  to   space 26624K, 0% used [0x00000000dd900000,0x00000000dd900000,0x00000000df300000)
 ParOldGen       total 87552K, used 58334K [0x0000000080400000, 0x0000000085980000, 0x00000000d5700000)
  object space 87552K, 66% used [0x0000000080400000,0x0000000083cf7a68,0x0000000085980000)
 Metaspace       used 14154K, capacity 14398K, committed 14592K, reserved 1062912K
  class space    used 1609K, capacity 1705K, committed 1792K, reserved 1048576K
}
Event: 3.332 GC heap before
{Heap before GC invocations=7 (full 0):
 PSYoungGen      total 159232K, used 137220K [0x00000000d5700000, 0x00000000e0d00000, 0x0000000100000000)
  eden space 133120K, 100% used [0x00000000d5700000,0x00000000dd900000,0x00000000dd900000)
  from space 26112K, 15% used [0x00000000df380000,0x00000000df781070,0x00000000e0d00000)
  to   space 26624K, 0% used [0x00000000dd900000,0x00000000dd900000,0x00000000df300000)
 ParOldGen       total 87552K, used 58334K [0x0000000080400000, 0x0000000085980000, 0x00000000d5700000)
  object space 87552K, 66% used [0x0000000080400000,0x0000000083cf7a68,0x0000000085980000)
 Metaspace       used 14206K, capacity 14398K, committed 14592K, reserved 1062912K
  class space    used 1609K, capacity 1705K, committed 1792K, reserved 1048576K
Event: 3.336 GC heap after
Heap after GC invocations=7 (full 0):
 PSYoungGen      total 159744K, used 3444K [0x00000000d5700000, 0x00000000e8f00000, 0x0000000100000000)
  eden space 133120K, 0% used [0x00000000d5700000,0x00000000d5700000,0x00000000dd900000)
  from space 26624K, 12% used [0x00000000dd900000,0x00000000ddc5d080,0x00000000df300000)
  to   space 26624K, 0% used [0x00000000e7500000,0x00000000e7500000,0x00000000e8f00000)
 ParOldGen       total 87552K, used 59041K [0x0000000080400000, 0x0000000085980000, 0x00000000d5700000)
  object space 87552K, 67% used [0x0000000080400000,0x0000000083da85b8,0x0000000085980000)
 Metaspace       used 14206K, capacity 14398K, committed 14592K, reserved 1062912K
  class space    used 1609K, capacity 1705K, committed 1792K, reserved 1048576K
}
Event: 3.607 GC heap before
{Heap before GC invocations=8 (full 0):
 PSYoungGen      total 159744K, used 136564K [0x00000000d5700000, 0x00000000e8f00000, 0x0000000100000000)
  eden space 133120K, 100% used [0x00000000d5700000,0x00000000dd900000,0x00000000dd900000)
  from space 26624K, 12% used [0x00000000dd900000,0x00000000ddc5d080,0x00000000df300000)
  to   space 26624K, 0% used [0x00000000e7500000,0x00000000e7500000,0x00000000e8f00000)
 ParOldGen       total 87552K, used 59041K [0x0000000080400000, 0x0000000085980000, 0x00000000d5700000)
  object space 87552K, 67% used [0x0000000080400000,0x0000000083da85b8,0x0000000085980000)
 Metaspace       used 14256K, capacity 14462K, committed 14848K, reserved 1062912K
  class space    used 1609K, capacity 1705K, committed 1792K, reserved 1048576K
Event: 3.609 GC heap after
Heap after GC invocations=8 (full 0):
 PSYoungGen      total 292864K, used 128K [0x00000000d5700000, 0x00000000e8f00000, 0x0000000100000000)
  eden space 266240K, 0% used [0x00000000d5700000,0x00000000d5700000,0x00000000e5b00000)
  from space 26624K, 0% used [0x00000000e7500000,0x00000000e7520000,0x00000000e8f00000)
  to   space 26624K, 0% used [0x00000000e5b00000,0x00000000e5b00000,0x00000000e7500000)
 ParOldGen       total 87552K, used 62316K [0x0000000080400000, 0x0000000085980000, 0x00000000d5700000)
  object space 87552K, 71% used [0x0000000080400000,0x00000000840db150,0x0000000085980000)
 Metaspace       used 14256K, capacity 14462K, committed 14848K, reserved 1062912K
  class space    used 1609K, capacity 1705K, committed 1792K, reserved 1048576K
}
Event: 4.182 GC heap before
{Heap before GC invocations=9 (full 0):
 PSYoungGen      total 292864K, used 266368K [0x00000000d5700000, 0x00000000e8f00000, 0x0000000100000000)
  eden space 266240K, 100% used [0x00000000d5700000,0x00000000e5b00000,0x00000000e5b00000)
  from space 26624K, 0% used [0x00000000e7500000,0x00000000e7520000,0x00000000e8f00000)
  to   space 26624K, 0% used [0x00000000e5b00000,0x00000000e5b00000,0x00000000e7500000)
 ParOldGen       total 87552K, used 62316K [0x0000000080400000, 0x0000000085980000, 0x00000000d5700000)
  object space 87552K, 71% used [0x0000000080400000,0x00000000840db150,0x0000000085980000)
 Metaspace       used 14346K, capacity 14534K, committed 14848K, reserved 1062912K
  class space    used 1609K, capacity 1705K, committed 1792K, reserved 1048576K
Event: 4.184 GC heap after
Heap after GC invocations=9 (full 0):
 PSYoungGen      total 292864K, used 96K [0x00000000d5700000, 0x00000000f2a00000, 0x0000000100000000)
  eden space 266240K, 0% used [0x00000000d5700000,0x00000000d5700000,0x00000000e5b00000)
  from space 26624K, 0% used [0x00000000e5b00000,0x00000000e5b18000,0x00000000e7500000)
  to   space 26112K, 0% used [0x00000000f1080000,0x00000000f1080000,0x00000000f2a00000)
 ParOldGen       total 87552K, used 62340K [0x0000000080400000, 0x0000000085980000, 0x00000000d5700000)
  object space 87552K, 71% used [0x0000000080400000,0x00000000840e1150,0x0000000085980000)
 Metaspace       used 14346K, capacity 14534K, committed 14848K, reserved 1062912K
  class space    used 1609K, capacity 1705K, committed 1792K, reserved 1048576K
}
Event: 5.155 GC heap before
{Heap before GC invocations=10 (full 0):
 PSYoungGen      total 292864K, used 266336K [0x00000000d5700000, 0x00000000f2a00000, 0x0000000100000000)
  eden space 266240K, 100% used [0x00000000d5700000,0x00000000e5b00000,0x00000000e5b00000)
  from space 26624K, 0% used [0x00000000e5b00000,0x00000000e5b18000,0x00000000e7500000)
  to   space 26112K, 0% used [0x00000000f1080000,0x00000000f1080000,0x00000000f2a00000)
 ParOldGen       total 87552K, used 62340K [0x0000000080400000, 0x0000000085980000, 0x00000000d5700000)
  object space 87552K, 71% used [0x0000000080400000,0x00000000840e1150,0x0000000085980000)
 Metaspace       used 15902K, capacity 16114K, committed 16256K, reserved 1062912K
  class space    used 2054K, capacity 2123K, committed 2176K, reserved 1048576K
Event: 5.158 GC heap after
Heap after GC invocations=10 (full 0):
 PSYoungGen      total 451072K, used 1025K [0x00000000d5700000, 0x00000000f2900000, 0x0000000100000000)
  eden space 425984K, 0% used [0x00000000d5700000,0x00000000d5700000,0x00000000ef700000)
  from space 25088K, 4% used [0x00000000f1080000,0x00000000f11804b8,0x00000000f2900000)
  to   space 25600K, 0% used [0x00000000ef700000,0x00000000ef700000,0x00000000f1000000)
 ParOldGen       total 87552K, used 62364K [0x0000000080400000, 0x0000000085980000, 0x00000000d5700000)
  object space 87552K, 71% used [0x0000000080400000,0x00000000840e7150,0x0000000085980000)
 Metaspace       used 15902K, capacity 16114K, committed 16256K, reserved 1062912K
  class space    used 2054K, capacity 2123K, committed 2176K, reserved 1048576K
}

