# JRE version: Java(TM) SE Runtime Environment (8.0_111-b14) (build 1.8.0_111-b14)
# Java VM: Java HotSpot(TM) 64-Bit Server VM (25.111-b14 mixed mode windows-amd64 compressed oops)
Heap:
 PSYoungGen      total 71680K, used 11459K [0x00000000d5700000, 0x00000000da200000, 0x0000000100000000)
  eden space 66560K, 9% used [0x00000000d5700000,0x00000000d5d351a8,0x00000000d9800000)
  from space 5120K, 99% used [0x00000000d9d00000,0x00000000da1fbb18,0x00000000da200000)
  to   space 5120K, 0% used [0x00000000d9800000,0x00000000d9800000,0x00000000d9d00000)
 ParOldGen       total 87552K, used 54205K [0x0000000080400000, 0x0000000085980000, 0x00000000d5700000)
  object space 87552K, 61% used [0x0000000080400000,0x00000000838ef790,0x0000000085980000)
 Metaspace       used 11979K, capacity 12226K, committed 12544K, reserved 1060864K
  class space    used 1380K, capacity 1493K, committed 1536K, reserved 1048576K
GC Heap History (8 events):
Event: 1.059 GC heap before
{Heap before GC invocations=1 (full 0):
 PSYoungGen      total 38400K, used 33280K [0x00000000d5700000, 0x00000000d8180000, 0x0000000100000000)
  eden space 33280K, 100% used [0x00000000d5700000,0x00000000d7780000,0x00000000d7780000)
  from space 5120K, 0% used [0x00000000d7c80000,0x00000000d7c80000,0x00000000d8180000)
  to   space 5120K, 0% used [0x00000000d7780000,0x00000000d7780000,0x00000000d7c80000)
 ParOldGen       total 87552K, used 0K [0x0000000080400000, 0x0000000085980000, 0x00000000d5700000)
  object space 87552K, 0% used [0x0000000080400000,0x0000000080400000,0x0000000085980000)
 Metaspace       used 7396K, capacity 7606K, committed 7808K, reserved 1056768K
  class space    used 810K, capacity 864K, committed 896K, reserved 1048576K
Event: 1.068 GC heap after
Heap after GC invocations=1 (full 0):
 PSYoungGen      total 38400K, used 5104K [0x00000000d5700000, 0x00000000d8180000, 0x0000000100000000)
  eden space 33280K, 0% used [0x00000000d5700000,0x00000000d5700000,0x00000000d7780000)
  from space 5120K, 99% used [0x00000000d7780000,0x00000000d7c7c0a0,0x00000000d7c80000)
  to   space 5120K, 0% used [0x00000000d7c80000,0x00000000d7c80000,0x00000000d8180000)
 ParOldGen       total 87552K, used 7116K [0x0000000080400000, 0x0000000085980000, 0x00000000d5700000)
  object space 87552K, 8% used [0x0000000080400000,0x0000000080af3188,0x0000000085980000)
 Metaspace       used 7396K, capacity 7606K, committed 7808K, reserved 1056768K
  class space    used 810K, capacity 864K, committed 896K, reserved 1048576K
}
Event: 1.321 GC heap before
{Heap before GC invocations=2 (full 0):
 PSYoungGen      total 38400K, used 36274K [0x00000000d5700000, 0x00000000d8180000, 0x0000000100000000)
  eden space 33280K, 93% used [0x00000000d5700000,0x00000000d75709f0,0x00000000d7780000)
  from space 5120K, 99% used [0x00000000d7780000,0x00000000d7c7c0a0,0x00000000d7c80000)
  to   space 5120K, 0% used [0x00000000d7c80000,0x00000000d7c80000,0x00000000d8180000)
 ParOldGen       total 87552K, used 7116K [0x0000000080400000, 0x0000000085980000, 0x00000000d5700000)
  object space 87552K, 8% used [0x0000000080400000,0x0000000080af3188,0x0000000085980000)
 Metaspace       used 7414K, capacity 7606K, committed 7808K, reserved 1056768K
  class space    used 810K, capacity 864K, committed 896K, reserved 1048576K
Event: 1.330 GC heap after
Heap after GC invocations=2 (full 0):
 PSYoungGen      total 38400K, used 5115K [0x00000000d5700000, 0x00000000da200000, 0x0000000100000000)
  eden space 33280K, 0% used [0x00000000d5700000,0x00000000d5700000,0x00000000d7780000)
  from space 5120K, 99% used [0x00000000d7c80000,0x00000000d817edd0,0x00000000d8180000)
  to   space 5120K, 0% used [0x00000000d7780000,0x00000000d7780000,0x00000000d7c80000)
 ParOldGen       total 87552K, used 18748K [0x0000000080400000, 0x0000000085980000, 0x00000000d5700000)
  object space 87552K, 21% used [0x0000000080400000,0x000000008164f048,0x0000000085980000)
 Metaspace       used 7414K, capacity 7606K, committed 7808K, reserved 1056768K
  class space    used 810K, capacity 864K, committed 896K, reserved 1048576K
}
Event: 1.466 GC heap before
{Heap before GC invocations=3 (full 0):
 PSYoungGen      total 38400K, used 38392K [0x00000000d5700000, 0x00000000da200000, 0x0000000100000000)
  eden space 33280K, 99% used [0x00000000d5700000,0x00000000d777f2f8,0x00000000d7780000)
  from space 5120K, 99% used [0x00000000d7c80000,0x00000000d817edd0,0x00000000d8180000)
  to   space 5120K, 0% used [0x00000000d7780000,0x00000000d7780000,0x00000000d7c80000)
 ParOldGen       total 87552K, used 18748K [0x0000000080400000, 0x0000000085980000, 0x00000000d5700000)
  object space 87552K, 21% used [0x0000000080400000,0x000000008164f048,0x0000000085980000)
 Metaspace       used 7428K, capacity 7606K, committed 7808K, reserved 1056768K
  class space    used 810K, capacity 864K, committed 896K, reserved 1048576K
Event: 1.476 GC heap after
Heap after GC invocations=3 (full 0):
 PSYoungGen      total 38400K, used 5108K [0x00000000d5700000, 0x00000000da200000, 0x0000000100000000)
  eden space 33280K, 0% used [0x00000000d5700000,0x00000000d5700000,0x00000000d7780000)
  from space 5120K, 99% used [0x00000000d7780000,0x00000000d7c7d0b8,0x00000000d7c80000)
  to   space 5120K, 0% used [0x00000000d9d00000,0x00000000d9d00000,0x00000000da200000)
 ParOldGen       total 87552K, used 36130K [0x0000000080400000, 0x0000000085980000, 0x00000000d5700000)
  object space 87552K, 41% used [0x0000000080400000,0x0000000082748900,0x0000000085980000)
 Metaspace       used 7428K, capacity 7606K, committed 7808K, reserved 1056768K
  class space    used 810K, capacity 864K, committed 896K, reserved 1048576K
}
Event: 1.955 GC heap before
{Heap before GC invocations=4 (full 0):
 PSYoungGen      total 38400K, used 38388K [0x00000000d5700000, 0x00000000da200000, 0x0000000100000000)
  eden space 33280K, 100% used [0x00000000d5700000,0x00000000d7780000,0x00000000d7780000)
  from space 5120K, 99% used [0x00000000d7780000,0x00000000d7c7d0b8,0x00000000d7c80000)
  to   space 5120K, 0% used [0x00000000d9d00000,0x00000000d9d00000,0x00000000da200000)
 ParOldGen       total 87552K, used 36130K [0x0000000080400000, 0x0000000085980000, 0x00000000d5700000)
  object space 87552K, 41% used [0x0000000080400000,0x0000000082748900,0x0000000085980000)
 Metaspace       used 10689K, capacity 10908K, committed 11136K, reserved 1058816K
  class space    used 1253K, capacity 1326K, committed 1408K, reserved 1048576K
Event: 1.969 GC heap after
Heap after GC invocations=4 (full 0):
 PSYoungGen      total 71680K, used 5102K [0x00000000d5700000, 0x00000000da200000, 0x0000000100000000)
  eden space 66560K, 0% used [0x00000000d5700000,0x00000000d5700000,0x00000000d9800000)
  from space 5120K, 99% used [0x00000000d9d00000,0x00000000da1fbb18,0x00000000da200000)
  to   space 5120K, 0% used [0x00000000d9800000,0x00000000d9800000,0x00000000d9d00000)
 ParOldGen       total 87552K, used 54205K [0x0000000080400000, 0x0000000085980000, 0x00000000d5700000)
  object space 87552K, 61% used [0x0000000080400000,0x00000000838ef790,0x0000000085980000)
 Metaspace       used 10689K, capacity 10908K, committed 11136K, reserved 1058816K
  class space    used 1253K, capacity 1326K, committed 1408K, reserved 1048576K
}

