# JRE version: Java(TM) SE Runtime Environment (8.0_111-b14) (build 1.8.0_111-b14)
# Java VM: Java HotSpot(TM) 64-Bit Server VM (25.111-b14 mixed mode windows-amd64 compressed oops)
Heap:
 PSYoungGen      total 293376K, used 70321K [0x00000000d5700000, 0x00000000eb900000, 0x0000000100000000)
  eden space 292864K, 23% used [0x00000000d5700000,0x00000000d9b7c548,0x00000000e7500000)
  from space 512K, 37% used [0x00000000eb880000,0x00000000eb8b0000,0x00000000eb900000)
  to   space 20480K, 0% used [0x00000000e9100000,0x00000000e9100000,0x00000000ea500000)
 ParOldGen       total 87552K, used 52956K [0x0000000080400000, 0x0000000085980000, 0x00000000d5700000)
  object space 87552K, 60% used [0x0000000080400000,0x00000000837b7028,0x0000000085980000)
 Metaspace       used 13732K, capacity 13962K, committed 14208K, reserved 1062912K
  class space    used 1584K, capacity 1653K, committed 1664K, reserved 1048576K
GC Heap History (10 events):
Event: 6.426 GC heap before
{Heap before GC invocations=13 (full 0):
 PSYoungGen      total 393216K, used 386176K [0x00000000d5700000, 0x00000000f0300000, 0x0000000100000000)
  eden space 386048K, 100% used [0x00000000d5700000,0x00000000ed000000,0x00000000ed000000)
  from space 7168K, 1% used [0x00000000efc00000,0x00000000efc20000,0x00000000f0300000)
  to   space 26112K, 0% used [0x00000000ed000000,0x00000000ed000000,0x00000000ee980000)
 ParOldGen       total 87552K, used 52820K [0x0000000080400000, 0x0000000085980000, 0x00000000d5700000)
  object space 87552K, 60% used [0x0000000080400000,0x0000000083795028,0x0000000085980000)
 Metaspace       used 13514K, capacity 13764K, committed 13952K, reserved 1060864K
  class space    used 1563K, capacity 1652K, committed 1664K, reserved 1048576K
Event: 6.427 GC heap after
Heap after GC invocations=13 (full 0):
 PSYoungGen      total 369152K, used 128K [0x00000000d5700000, 0x00000000efc80000, 0x0000000100000000)
  eden space 368640K, 0% used [0x00000000d5700000,0x00000000d5700000,0x00000000ebf00000)
  from space 512K, 25% used [0x00000000ed000000,0x00000000ed020000,0x00000000ed080000)
  to   space 25600K, 0% used [0x00000000ee380000,0x00000000ee380000,0x00000000efc80000)
 ParOldGen       total 87552K, used 52852K [0x0000000080400000, 0x0000000085980000, 0x00000000d5700000)
  object space 87552K, 60% used [0x0000000080400000,0x000000008379d028,0x0000000085980000)
 Metaspace       used 13514K, capacity 13764K, committed 13952K, reserved 1060864K
  class space    used 1563K, capacity 1652K, committed 1664K, reserved 1048576K
}
Event: 7.108 GC heap before
{Heap before GC invocations=14 (full 0):
 PSYoungGen      total 369152K, used 368768K [0x00000000d5700000, 0x00000000efc80000, 0x0000000100000000)
  eden space 368640K, 100% used [0x00000000d5700000,0x00000000ebf00000,0x00000000ebf00000)
  from space 512K, 25% used [0x00000000ed000000,0x00000000ed020000,0x00000000ed080000)
  to   space 25600K, 0% used [0x00000000ee380000,0x00000000ee380000,0x00000000efc80000)
 ParOldGen       total 87552K, used 52852K [0x0000000080400000, 0x0000000085980000, 0x00000000d5700000)
  object space 87552K, 60% used [0x0000000080400000,0x000000008379d028,0x0000000085980000)
 Metaspace       used 13514K, capacity 13764K, committed 13952K, reserved 1060864K
  class space    used 1563K, capacity 1652K, committed 1664K, reserved 1048576K
Event: 7.111 GC heap after
Heap after GC invocations=14 (full 0):
 PSYoungGen      total 352256K, used 96K [0x00000000d5700000, 0x00000000ee400000, 0x0000000100000000)
  eden space 351744K, 0% used [0x00000000d5700000,0x00000000d5700000,0x00000000eae80000)
  from space 512K, 18% used [0x00000000ee380000,0x00000000ee398000,0x00000000ee400000)
  to   space 24576K, 0% used [0x00000000eb400000,0x00000000eb400000,0x00000000ecc00000)
 ParOldGen       total 87552K, used 52860K [0x0000000080400000, 0x0000000085980000, 0x00000000d5700000)
  object space 87552K, 60% used [0x0000000080400000,0x000000008379f028,0x0000000085980000)
 Metaspace       used 13514K, capacity 13764K, committed 13952K, reserved 1060864K
  class space    used 1563K, capacity 1652K, committed 1664K, reserved 1048576K
}
Event: 7.826 GC heap before
{Heap before GC invocations=15 (full 0):
 PSYoungGen      total 352256K, used 351840K [0x00000000d5700000, 0x00000000ee400000, 0x0000000100000000)
  eden space 351744K, 100% used [0x00000000d5700000,0x00000000eae80000,0x00000000eae80000)
  from space 512K, 18% used [0x00000000ee380000,0x00000000ee398000,0x00000000ee400000)
  to   space 24576K, 0% used [0x00000000eb400000,0x00000000eb400000,0x00000000ecc00000)
 ParOldGen       total 87552K, used 52860K [0x0000000080400000, 0x0000000085980000, 0x00000000d5700000)
  object space 87552K, 60% used [0x0000000080400000,0x000000008379f028,0x0000000085980000)
 Metaspace       used 13526K, capacity 13764K, committed 13952K, reserved 1060864K
  class space    used 1563K, capacity 1652K, committed 1664K, reserved 1048576K
Event: 7.827 GC heap after
Heap after GC invocations=15 (full 0):
 PSYoungGen      total 360448K, used 160K [0x00000000d5700000, 0x00000000ee400000, 0x0000000100000000)
  eden space 335872K, 0% used [0x00000000d5700000,0x00000000d5700000,0x00000000e9f00000)
  from space 24576K, 0% used [0x00000000eb400000,0x00000000eb428000,0x00000000ecc00000)
  to   space 23552K, 0% used [0x00000000ecd00000,0x00000000ecd00000,0x00000000ee400000)
 ParOldGen       total 87552K, used 52868K [0x0000000080400000, 0x0000000085980000, 0x00000000d5700000)
  object space 87552K, 60% used [0x0000000080400000,0x00000000837a1028,0x0000000085980000)
 Metaspace       used 13526K, capacity 13764K, committed 13952K, reserved 1060864K
  class space    used 1563K, capacity 1652K, committed 1664K, reserved 1048576K
}
Event: 8.536 GC heap before
{Heap before GC invocations=16 (full 0):
 PSYoungGen      total 360448K, used 336032K [0x00000000d5700000, 0x00000000ee400000, 0x0000000100000000)
  eden space 335872K, 100% used [0x00000000d5700000,0x00000000e9f00000,0x00000000e9f00000)
  from space 24576K, 0% used [0x00000000eb400000,0x00000000eb428000,0x00000000ecc00000)
  to   space 23552K, 0% used [0x00000000ecd00000,0x00000000ecd00000,0x00000000ee400000)
 ParOldGen       total 87552K, used 52868K [0x0000000080400000, 0x0000000085980000, 0x00000000d5700000)
  object space 87552K, 60% used [0x0000000080400000,0x00000000837a1028,0x0000000085980000)
 Metaspace       used 13531K, capacity 13764K, committed 13952K, reserved 1060864K
  class space    used 1563K, capacity 1652K, committed 1664K, reserved 1048576K
Event: 8.539 GC heap after
Heap after GC invocations=16 (full 0):
 PSYoungGen      total 321536K, used 192K [0x00000000d5700000, 0x00000000ecd80000, 0x0000000100000000)
  eden space 321024K, 0% used [0x00000000d5700000,0x00000000d5700000,0x00000000e9080000)
  from space 512K, 37% used [0x00000000ecd00000,0x00000000ecd30000,0x00000000ecd80000)
  to   space 22528K, 0% used [0x00000000ea180000,0x00000000ea180000,0x00000000eb780000)
 ParOldGen       total 87552K, used 52892K [0x0000000080400000, 0x0000000085980000, 0x00000000d5700000)
  object space 87552K, 60% used [0x0000000080400000,0x00000000837a7028,0x0000000085980000)
 Metaspace       used 13531K, capacity 13764K, committed 13952K, reserved 1060864K
  class space    used 1563K, capacity 1652K, committed 1664K, reserved 1048576K
}
Event: 9.108 GC heap before
{Heap before GC invocations=17 (full 0):
 PSYoungGen      total 321536K, used 321216K [0x00000000d5700000, 0x00000000ecd80000, 0x0000000100000000)
  eden space 321024K, 100% used [0x00000000d5700000,0x00000000e9080000,0x00000000e9080000)
  from space 512K, 37% used [0x00000000ecd00000,0x00000000ecd30000,0x00000000ecd80000)
  to   space 22528K, 0% used [0x00000000ea180000,0x00000000ea180000,0x00000000eb780000)
 ParOldGen       total 87552K, used 52892K [0x0000000080400000, 0x0000000085980000, 0x00000000d5700000)
  object space 87552K, 60% used [0x0000000080400000,0x00000000837a7028,0x0000000085980000)
 Metaspace       used 13732K, capacity 13962K, committed 14208K, reserved 1062912K
  class space    used 1584K, capacity 1653K, committed 1664K, reserved 1048576K
Event: 9.109 GC heap after
Heap after GC invocations=17 (full 0):
 PSYoungGen      total 329216K, used 160K [0x00000000d5700000, 0x00000000ecd80000, 0x0000000100000000)
  eden space 306688K, 0% used [0x00000000d5700000,0x00000000d5700000,0x00000000e8280000)
  from space 22528K, 0% used [0x00000000ea180000,0x00000000ea1a8000,0x00000000eb780000)
  to   space 21504K, 0% used [0x00000000eb880000,0x00000000eb880000,0x00000000ecd80000)
 ParOldGen       total 87552K, used 52908K [0x0000000080400000, 0x0000000085980000, 0x00000000d5700000)
  object space 87552K, 60% used [0x0000000080400000,0x00000000837ab028,0x0000000085980000)
 Metaspace       used 13732K, capacity 13962K, committed 14208K, reserved 1062912K
  class space    used 1584K, capacity 1653K, committed 1664K, reserved 1048576K
}

