# JRE version: Java(TM) SE Runtime Environment (8.0_151-b12) (build 1.8.0_151-b12)
# Java VM: Java HotSpot(TM) 64-Bit Server VM (25.151-b12 mixed mode windows-amd64 compressed oops)
Heap:
 PSYoungGen      total 300544K, used 200890K [0x00000000d5700000, 0x00000000e9f00000, 0x0000000100000000)
  eden space 266240K, 73% used [0x00000000d5700000,0x00000000e15e1710,0x00000000e5b00000)
  from space 34304K, 15% used [0x00000000e7d80000,0x00000000e82cd2f8,0x00000000e9f00000)
  to   space 34816K, 0% used [0x00000000e5b00000,0x00000000e5b00000,0x00000000e7d00000)
 ParOldGen       total 87552K, used 54584K [0x0000000080400000, 0x0000000085980000, 0x00000000d5700000)
  object space 87552K, 62% used [0x0000000080400000,0x000000008394e3c8,0x0000000085980000)
 Metaspace       used 16012K, capacity 16220K, committed 16512K, reserved 1062912K
  class space    used 2064K, capacity 2158K, committed 2176K, reserved 1048576K
GC Heap History (10 events):
Event: 1.508 GC heap before
{Heap before GC invocations=2 (full 0):
 PSYoungGen      total 38400K, used 38170K [0x00000000d5700000, 0x00000000da200000, 0x0000000100000000)
  eden space 33280K, 99% used [0x00000000d5700000,0x00000000d774c040,0x00000000d7780000)
  from space 5120K, 99% used [0x00000000d7780000,0x00000000d7c7a830,0x00000000d7c80000)
  to   space 5120K, 0% used [0x00000000d9d00000,0x00000000d9d00000,0x00000000da200000)
 ParOldGen       total 87552K, used 15821K [0x0000000080400000, 0x0000000085980000, 0x00000000d5700000)
  object space 87552K, 18% used [0x0000000080400000,0x0000000081373598,0x0000000085980000)
 Metaspace       used 8075K, capacity 8248K, committed 8448K, reserved 1056768K
  class space    used 850K, capacity 915K, committed 1024K, reserved 1048576K
Event: 1.522 GC heap after
Heap after GC invocations=2 (full 0):
 PSYoungGen      total 71680K, used 5090K [0x00000000d5700000, 0x00000000da200000, 0x0000000100000000)
  eden space 66560K, 0% used [0x00000000d5700000,0x00000000d5700000,0x00000000d9800000)
  from space 5120K, 99% used [0x00000000d9d00000,0x00000000da1f8b30,0x00000000da200000)
  to   space 5120K, 0% used [0x00000000d9800000,0x00000000d9800000,0x00000000d9d00000)
 ParOldGen       total 87552K, used 29741K [0x0000000080400000, 0x0000000085980000, 0x00000000d5700000)
  object space 87552K, 33% used [0x0000000080400000,0x000000008210b5b8,0x0000000085980000)
 Metaspace       used 8075K, capacity 8248K, committed 8448K, reserved 1056768K
  class space    used 850K, capacity 915K, committed 1024K, reserved 1048576K
}
Event: 3.309 GC heap before
{Heap before GC invocations=3 (full 0):
 PSYoungGen      total 71680K, used 71650K [0x00000000d5700000, 0x00000000da200000, 0x0000000100000000)
  eden space 66560K, 100% used [0x00000000d5700000,0x00000000d9800000,0x00000000d9800000)
  from space 5120K, 99% used [0x00000000d9d00000,0x00000000da1f8b30,0x00000000da200000)
  to   space 5120K, 0% used [0x00000000d9800000,0x00000000d9800000,0x00000000d9d00000)
 ParOldGen       total 87552K, used 29741K [0x0000000080400000, 0x0000000085980000, 0x00000000d5700000)
  object space 87552K, 33% used [0x0000000080400000,0x000000008210b5b8,0x0000000085980000)
 Metaspace       used 14129K, capacity 14334K, committed 14592K, reserved 1062912K
  class space    used 1612K, capacity 1705K, committed 1792K, reserved 1048576K
Event: 3.333 GC heap after
Heap after GC invocations=3 (full 0):
 PSYoungGen      total 71680K, used 5117K [0x00000000d5700000, 0x00000000de300000, 0x0000000100000000)
  eden space 66560K, 0% used [0x00000000d5700000,0x00000000d5700000,0x00000000d9800000)
  from space 5120K, 99% used [0x00000000d9800000,0x00000000d9cff6d0,0x00000000d9d00000)
  to   space 5120K, 0% used [0x00000000dde00000,0x00000000dde00000,0x00000000de300000)
 ParOldGen       total 87552K, used 54416K [0x0000000080400000, 0x0000000085980000, 0x00000000d5700000)
  object space 87552K, 62% used [0x0000000080400000,0x00000000839243c8,0x0000000085980000)
 Metaspace       used 14129K, capacity 14334K, committed 14592K, reserved 1062912K
  class space    used 1612K, capacity 1705K, committed 1792K, reserved 1048576K
}
Event: 3.506 GC heap before
{Heap before GC invocations=4 (full 0):
 PSYoungGen      total 71680K, used 71677K [0x00000000d5700000, 0x00000000de300000, 0x0000000100000000)
  eden space 66560K, 100% used [0x00000000d5700000,0x00000000d9800000,0x00000000d9800000)
  from space 5120K, 99% used [0x00000000d9800000,0x00000000d9cff6d0,0x00000000d9d00000)
  to   space 5120K, 0% used [0x00000000dde00000,0x00000000dde00000,0x00000000de300000)
 ParOldGen       total 87552K, used 54416K [0x0000000080400000, 0x0000000085980000, 0x00000000d5700000)
  object space 87552K, 62% used [0x0000000080400000,0x00000000839243c8,0x0000000085980000)
 Metaspace       used 14152K, capacity 14398K, committed 14592K, reserved 1062912K
  class space    used 1612K, capacity 1705K, committed 1792K, reserved 1048576K
Event: 3.510 GC heap after
Heap after GC invocations=4 (full 0):
 PSYoungGen      total 138240K, used 5104K [0x00000000d5700000, 0x00000000de300000, 0x0000000100000000)
  eden space 133120K, 0% used [0x00000000d5700000,0x00000000d5700000,0x00000000dd900000)
  from space 5120K, 99% used [0x00000000dde00000,0x00000000de2fc1d0,0x00000000de300000)
  to   space 5120K, 0% used [0x00000000dd900000,0x00000000dd900000,0x00000000dde00000)
 ParOldGen       total 87552K, used 54528K [0x0000000080400000, 0x0000000085980000, 0x00000000d5700000)
  object space 87552K, 62% used [0x0000000080400000,0x00000000839403c8,0x0000000085980000)
 Metaspace       used 14152K, capacity 14398K, committed 14592K, reserved 1062912K
  class space    used 1612K, capacity 1705K, committed 1792K, reserved 1048576K
}
Event: 3.833 GC heap before
{Heap before GC invocations=5 (full 0):
 PSYoungGen      total 138240K, used 138224K [0x00000000d5700000, 0x00000000de300000, 0x0000000100000000)
  eden space 133120K, 100% used [0x00000000d5700000,0x00000000dd900000,0x00000000dd900000)
  from space 5120K, 99% used [0x00000000dde00000,0x00000000de2fc1d0,0x00000000de300000)
  to   space 5120K, 0% used [0x00000000dd900000,0x00000000dd900000,0x00000000dde00000)
 ParOldGen       total 87552K, used 54528K [0x0000000080400000, 0x0000000085980000, 0x00000000d5700000)
  object space 87552K, 62% used [0x0000000080400000,0x00000000839403c8,0x0000000085980000)
 Metaspace       used 14226K, capacity 14406K, committed 14592K, reserved 1062912K
  class space    used 1612K, capacity 1705K, committed 1792K, reserved 1048576K
Event: 3.839 GC heap after
Heap after GC invocations=5 (full 0):
 PSYoungGen      total 138240K, used 5091K [0x00000000d5700000, 0x00000000ea000000, 0x0000000100000000)
  eden space 133120K, 0% used [0x00000000d5700000,0x00000000d5700000,0x00000000dd900000)
  from space 5120K, 99% used [0x00000000dd900000,0x00000000dddf8fe0,0x00000000dde00000)
  to   space 35328K, 0% used [0x00000000e7d80000,0x00000000e7d80000,0x00000000ea000000)
 ParOldGen       total 87552K, used 54576K [0x0000000080400000, 0x0000000085980000, 0x00000000d5700000)
  object space 87552K, 62% used [0x0000000080400000,0x000000008394c3c8,0x0000000085980000)
 Metaspace       used 14226K, capacity 14406K, committed 14592K, reserved 1062912K
  class space    used 1612K, capacity 1705K, committed 1792K, reserved 1048576K
}
Event: 4.185 GC heap before
{Heap before GC invocations=6 (full 0):
 PSYoungGen      total 138240K, used 138211K [0x00000000d5700000, 0x00000000ea000000, 0x0000000100000000)
  eden space 133120K, 100% used [0x00000000d5700000,0x00000000dd900000,0x00000000dd900000)
  from space 5120K, 99% used [0x00000000dd900000,0x00000000dddf8fe0,0x00000000dde00000)
  to   space 35328K, 0% used [0x00000000e7d80000,0x00000000e7d80000,0x00000000ea000000)
 ParOldGen       total 87552K, used 54576K [0x0000000080400000, 0x0000000085980000, 0x00000000d5700000)
  object space 87552K, 62% used [0x0000000080400000,0x000000008394c3c8,0x0000000085980000)
 Metaspace       used 14727K, capacity 14918K, committed 15232K, reserved 1062912K
  class space    used 1760K, capacity 1833K, committed 1920K, reserved 1048576K
Event: 4.190 GC heap after
Heap after GC invocations=6 (full 0):
 PSYoungGen      total 300544K, used 5428K [0x00000000d5700000, 0x00000000e9f00000, 0x0000000100000000)
  eden space 266240K, 0% used [0x00000000d5700000,0x00000000d5700000,0x00000000e5b00000)
  from space 34304K, 15% used [0x00000000e7d80000,0x00000000e82cd2f8,0x00000000e9f00000)
  to   space 34816K, 0% used [0x00000000e5b00000,0x00000000e5b00000,0x00000000e7d00000)
 ParOldGen       total 87552K, used 54584K [0x0000000080400000, 0x0000000085980000, 0x00000000d5700000)
  object space 87552K, 62% used [0x0000000080400000,0x000000008394e3c8,0x0000000085980000)
 Metaspace       used 14727K, capacity 14918K, committed 15232K, reserved 1062912K
  class space    used 1760K, capacity 1833K, committed 1920K, reserved 1048576K
}

