# JRE version: Java(TM) SE Runtime Environment (8.0_151-b12) (build 1.8.0_151-b12)
# Java VM: Java HotSpot(TM) 64-Bit Server VM (25.151-b12 mixed mode windows-amd64 compressed oops)
Heap:
 PSYoungGen      total 28160K, used 20797K [0x00000000d5700000, 0x00000000f3200000, 0x0000000100000000)
  eden space 27648K, 74% used [0x00000000d5700000,0x00000000d6b27620,0x00000000d7200000)
  from space 512K, 31% used [0x00000000f3100000,0x00000000f3128000,0x00000000f3180000)
  to   space 512K, 0% used [0x00000000f3180000,0x00000000f3180000,0x00000000f3200000)
 ParOldGen       total 94208K, used 53970K [0x0000000080400000, 0x0000000086000000, 0x00000000d5700000)
  object space 94208K, 57% used [0x0000000080400000,0x00000000838b48e8,0x0000000086000000)
 Metaspace       used 17063K, capacity 17284K, committed 17664K, reserved 1064960K
  class space    used 2098K, capacity 2190K, committed 2304K, reserved 1048576K
GC Heap History (10 events):
Event: 329.164 GC heap before
{Heap before GC invocations=1671 (full 4):
 PSYoungGen      total 28160K, used 27936K [0x00000000d5700000, 0x00000000f3200000, 0x0000000100000000)
  eden space 27648K, 100% used [0x00000000d5700000,0x00000000d7200000,0x00000000d7200000)
  from space 512K, 56% used [0x00000000f3180000,0x00000000f31c8000,0x00000000f3200000)
  to   space 512K, 0% used [0x00000000f3100000,0x00000000f3100000,0x00000000f3180000)
 ParOldGen       total 94208K, used 53716K [0x0000000080400000, 0x0000000086000000, 0x00000000d5700000)
  object space 94208K, 57% used [0x0000000080400000,0x0000000083875218,0x0000000086000000)
 Metaspace       used 17023K, capacity 17220K, committed 17664K, reserved 1064960K
  class space    used 2094K, capacity 2190K, committed 2304K, reserved 1048576K
Event: 329.166 GC heap after
Heap after GC invocations=1671 (full 4):
 PSYoungGen      total 28160K, used 160K [0x00000000d5700000, 0x00000000f3200000, 0x0000000100000000)
  eden space 27648K, 0% used [0x00000000d5700000,0x00000000d5700000,0x00000000d7200000)
  from space 512K, 31% used [0x00000000f3100000,0x00000000f3128000,0x00000000f3180000)
  to   space 512K, 0% used [0x00000000f3180000,0x00000000f3180000,0x00000000f3200000)
 ParOldGen       total 94208K, used 53812K [0x0000000080400000, 0x0000000086000000, 0x00000000d5700000)
  object space 94208K, 57% used [0x0000000080400000,0x000000008388d218,0x0000000086000000)
 Metaspace       used 17023K, capacity 17220K, committed 17664K, reserved 1064960K
  class space    used 2094K, capacity 2190K, committed 2304K, reserved 1048576K
}
Event: 329.340 GC heap before
{Heap before GC invocations=1672 (full 4):
 PSYoungGen      total 28160K, used 27808K [0x00000000d5700000, 0x00000000f3200000, 0x0000000100000000)
  eden space 27648K, 100% used [0x00000000d5700000,0x00000000d7200000,0x00000000d7200000)
  from space 512K, 31% used [0x00000000f3100000,0x00000000f3128000,0x00000000f3180000)
  to   space 512K, 0% used [0x00000000f3180000,0x00000000f3180000,0x00000000f3200000)
 ParOldGen       total 94208K, used 53817K [0x0000000080400000, 0x0000000086000000, 0x00000000d5700000)
  object space 94208K, 57% used [0x0000000080400000,0x000000008388e598,0x0000000086000000)
 Metaspace       used 17023K, capacity 17220K, committed 17664K, reserved 1064960K
  class space    used 2094K, capacity 2190K, committed 2304K, reserved 1048576K
Event: 329.341 GC heap after
Heap after GC invocations=1672 (full 4):
 PSYoungGen      total 28160K, used 192K [0x00000000d5700000, 0x00000000f3200000, 0x0000000100000000)
  eden space 27648K, 0% used [0x00000000d5700000,0x00000000d5700000,0x00000000d7200000)
  from space 512K, 37% used [0x00000000f3180000,0x00000000f31b0000,0x00000000f3200000)
  to   space 512K, 0% used [0x00000000f3100000,0x00000000f3100000,0x00000000f3180000)
 ParOldGen       total 94208K, used 53865K [0x0000000080400000, 0x0000000086000000, 0x00000000d5700000)
  object space 94208K, 57% used [0x0000000080400000,0x000000008389a598,0x0000000086000000)
 Metaspace       used 17023K, capacity 17220K, committed 17664K, reserved 1064960K
  class space    used 2094K, capacity 2190K, committed 2304K, reserved 1048576K
}
Event: 329.525 GC heap before
{Heap before GC invocations=1673 (full 4):
 PSYoungGen      total 28160K, used 27840K [0x00000000d5700000, 0x00000000f3200000, 0x0000000100000000)
  eden space 27648K, 100% used [0x00000000d5700000,0x00000000d7200000,0x00000000d7200000)
  from space 512K, 37% used [0x00000000f3180000,0x00000000f31b0000,0x00000000f3200000)
  to   space 512K, 0% used [0x00000000f3100000,0x00000000f3100000,0x00000000f3180000)
 ParOldGen       total 94208K, used 53866K [0x0000000080400000, 0x0000000086000000, 0x00000000d5700000)
  object space 94208K, 57% used [0x0000000080400000,0x000000008389a8e8,0x0000000086000000)
 Metaspace       used 17023K, capacity 17220K, committed 17664K, reserved 1064960K
  class space    used 2094K, capacity 2190K, committed 2304K, reserved 1048576K
Event: 329.526 GC heap after
Heap after GC invocations=1673 (full 4):
 PSYoungGen      total 28160K, used 192K [0x00000000d5700000, 0x00000000f3200000, 0x0000000100000000)
  eden space 27648K, 0% used [0x00000000d5700000,0x00000000d5700000,0x00000000d7200000)
  from space 512K, 37% used [0x00000000f3100000,0x00000000f3130000,0x00000000f3180000)
  to   space 512K, 0% used [0x00000000f3180000,0x00000000f3180000,0x00000000f3200000)
 ParOldGen       total 94208K, used 53914K [0x0000000080400000, 0x0000000086000000, 0x00000000d5700000)
  object space 94208K, 57% used [0x0000000080400000,0x00000000838a68e8,0x0000000086000000)
 Metaspace       used 17023K, capacity 17220K, committed 17664K, reserved 1064960K
  class space    used 2094K, capacity 2190K, committed 2304K, reserved 1048576K
}
Event: 329.703 GC heap before
{Heap before GC invocations=1674 (full 4):
 PSYoungGen      total 28160K, used 27840K [0x00000000d5700000, 0x00000000f3200000, 0x0000000100000000)
  eden space 27648K, 100% used [0x00000000d5700000,0x00000000d7200000,0x00000000d7200000)
  from space 512K, 37% used [0x00000000f3100000,0x00000000f3130000,0x00000000f3180000)
  to   space 512K, 0% used [0x00000000f3180000,0x00000000f3180000,0x00000000f3200000)
 ParOldGen       total 94208K, used 53914K [0x0000000080400000, 0x0000000086000000, 0x00000000d5700000)
  object space 94208K, 57% used [0x0000000080400000,0x00000000838a68e8,0x0000000086000000)
 Metaspace       used 17023K, capacity 17220K, committed 17664K, reserved 1064960K
  class space    used 2094K, capacity 2190K, committed 2304K, reserved 1048576K
Event: 329.704 GC heap after
Heap after GC invocations=1674 (full 4):
 PSYoungGen      total 28160K, used 224K [0x00000000d5700000, 0x00000000f3200000, 0x0000000100000000)
  eden space 27648K, 0% used [0x00000000d5700000,0x00000000d5700000,0x00000000d7200000)
  from space 512K, 43% used [0x00000000f3180000,0x00000000f31b8000,0x00000000f3200000)
  to   space 512K, 0% used [0x00000000f3100000,0x00000000f3100000,0x00000000f3180000)
 ParOldGen       total 94208K, used 53946K [0x0000000080400000, 0x0000000086000000, 0x00000000d5700000)
  object space 94208K, 57% used [0x0000000080400000,0x00000000838ae8e8,0x0000000086000000)
 Metaspace       used 17023K, capacity 17220K, committed 17664K, reserved 1064960K
  class space    used 2094K, capacity 2190K, committed 2304K, reserved 1048576K
}
Event: 329.875 GC heap before
{Heap before GC invocations=1675 (full 4):
 PSYoungGen      total 28160K, used 27872K [0x00000000d5700000, 0x00000000f3200000, 0x0000000100000000)
  eden space 27648K, 100% used [0x00000000d5700000,0x00000000d7200000,0x00000000d7200000)
  from space 512K, 43% used [0x00000000f3180000,0x00000000f31b8000,0x00000000f3200000)
  to   space 512K, 0% used [0x00000000f3100000,0x00000000f3100000,0x00000000f3180000)
 ParOldGen       total 94208K, used 53946K [0x0000000080400000, 0x0000000086000000, 0x00000000d5700000)
  object space 94208K, 57% used [0x0000000080400000,0x00000000838ae8e8,0x0000000086000000)
 Metaspace       used 17023K, capacity 17220K, committed 17664K, reserved 1064960K
  class space    used 2094K, capacity 2190K, committed 2304K, reserved 1048576K
Event: 329.876 GC heap after
Heap after GC invocations=1675 (full 4):
 PSYoungGen      total 28160K, used 160K [0x00000000d5700000, 0x00000000f3200000, 0x0000000100000000)
  eden space 27648K, 0% used [0x00000000d5700000,0x00000000d5700000,0x00000000d7200000)
  from space 512K, 31% used [0x00000000f3100000,0x00000000f3128000,0x00000000f3180000)
  to   space 512K, 0% used [0x00000000f3180000,0x00000000f3180000,0x00000000f3200000)
 ParOldGen       total 94208K, used 53970K [0x0000000080400000, 0x0000000086000000, 0x00000000d5700000)
  object space 94208K, 57% used [0x0000000080400000,0x00000000838b48e8,0x0000000086000000)
 Metaspace       used 17023K, capacity 17220K, committed 17664K, reserved 1064960K
  class space    used 2094K, capacity 2190K, committed 2304K, reserved 1048576K
}

