# JRE version: Java(TM) SE Runtime Environment (8.0_111-b14) (build 1.8.0_111-b14)
# Java VM: Java HotSpot(TM) 64-Bit Server VM (25.111-b14 mixed mode windows-amd64 compressed oops)
Heap:
 PSYoungGen      total 162816K, used 98317K [0x00000000d5700000, 0x00000000e9500000, 0x0000000100000000)
  eden space 132608K, 71% used [0x00000000d5700000,0x00000000db32e238,0x00000000dd880000)
  from space 30208K, 12% used [0x00000000dd880000,0x00000000ddc55380,0x00000000df600000)
  to   space 30208K, 0% used [0x00000000e7780000,0x00000000e7780000,0x00000000e9500000)
 ParOldGen       total 87552K, used 57883K [0x0000000080400000, 0x0000000085980000, 0x00000000d5700000)
  object space 87552K, 66% used [0x0000000080400000,0x0000000083c86f48,0x0000000085980000)
 Metaspace       used 14602K, capacity 14864K, committed 15104K, reserved 1062912K
  class space    used 1668K, capacity 1752K, committed 1792K, reserved 1048576K
GC Heap History (10 events):
Event: 1.581 GC heap before
{Heap before GC invocations=3 (full 0):
 PSYoungGen      total 38400K, used 38382K [0x00000000d5700000, 0x00000000da200000, 0x0000000100000000)
  eden space 33280K, 99% used [0x00000000d5700000,0x00000000d777c928,0x00000000d7780000)
  from space 5120K, 99% used [0x00000000d7c80000,0x00000000d817f248,0x00000000d8180000)
  to   space 5120K, 0% used [0x00000000d7780000,0x00000000d7780000,0x00000000d7c80000)
 ParOldGen       total 87552K, used 19180K [0x0000000080400000, 0x0000000085980000, 0x00000000d5700000)
  object space 87552K, 21% used [0x0000000080400000,0x00000000816bb260,0x0000000085980000)
 Metaspace       used 7421K, capacity 7594K, committed 7808K, reserved 1056768K
  class space    used 810K, capacity 864K, committed 896K, reserved 1048576K
Event: 1.591 GC heap after
Heap after GC invocations=3 (full 0):
 PSYoungGen      total 38400K, used 5119K [0x00000000d5700000, 0x00000000da200000, 0x0000000100000000)
  eden space 33280K, 0% used [0x00000000d5700000,0x00000000d5700000,0x00000000d7780000)
  from space 5120K, 99% used [0x00000000d7780000,0x00000000d7c7ff38,0x00000000d7c80000)
  to   space 5120K, 0% used [0x00000000d9d00000,0x00000000d9d00000,0x00000000da200000)
 ParOldGen       total 87552K, used 36503K [0x0000000080400000, 0x0000000085980000, 0x00000000d5700000)
  object space 87552K, 41% used [0x0000000080400000,0x00000000827a5fd8,0x0000000085980000)
 Metaspace       used 7421K, capacity 7594K, committed 7808K, reserved 1056768K
  class space    used 810K, capacity 864K, committed 896K, reserved 1048576K
}
Event: 2.052 GC heap before
{Heap before GC invocations=4 (full 0):
 PSYoungGen      total 38400K, used 38399K [0x00000000d5700000, 0x00000000da200000, 0x0000000100000000)
  eden space 33280K, 100% used [0x00000000d5700000,0x00000000d7780000,0x00000000d7780000)
  from space 5120K, 99% used [0x00000000d7780000,0x00000000d7c7ff38,0x00000000d7c80000)
  to   space 5120K, 0% used [0x00000000d9d00000,0x00000000d9d00000,0x00000000da200000)
 ParOldGen       total 87552K, used 36503K [0x0000000080400000, 0x0000000085980000, 0x00000000d5700000)
  object space 87552K, 41% used [0x0000000080400000,0x00000000827a5fd8,0x0000000085980000)
 Metaspace       used 10677K, capacity 10896K, committed 11136K, reserved 1058816K
  class space    used 1253K, capacity 1326K, committed 1408K, reserved 1048576K
Event: 2.065 GC heap after
Heap after GC invocations=4 (full 0):
 PSYoungGen      total 71680K, used 5110K [0x00000000d5700000, 0x00000000da200000, 0x0000000100000000)
  eden space 66560K, 0% used [0x00000000d5700000,0x00000000d5700000,0x00000000d9800000)
  from space 5120K, 99% used [0x00000000d9d00000,0x00000000da1fdb58,0x00000000da200000)
  to   space 5120K, 0% used [0x00000000d9800000,0x00000000d9800000,0x00000000d9d00000)
 ParOldGen       total 87552K, used 54578K [0x0000000080400000, 0x0000000085980000, 0x00000000d5700000)
  object space 87552K, 62% used [0x0000000080400000,0x000000008394c8e8,0x0000000085980000)
 Metaspace       used 10677K, capacity 10896K, committed 11136K, reserved 1058816K
  class space    used 1253K, capacity 1326K, committed 1408K, reserved 1048576K
}
Event: 2.621 GC heap before
{Heap before GC invocations=5 (full 0):
 PSYoungGen      total 71680K, used 71670K [0x00000000d5700000, 0x00000000da200000, 0x0000000100000000)
  eden space 66560K, 100% used [0x00000000d5700000,0x00000000d9800000,0x00000000d9800000)
  from space 5120K, 99% used [0x00000000d9d00000,0x00000000da1fdb58,0x00000000da200000)
  to   space 5120K, 0% used [0x00000000d9800000,0x00000000d9800000,0x00000000d9d00000)
 ParOldGen       total 87552K, used 54578K [0x0000000080400000, 0x0000000085980000, 0x00000000d5700000)
  object space 87552K, 62% used [0x0000000080400000,0x000000008394c8e8,0x0000000085980000)
 Metaspace       used 14198K, capacity 14462K, committed 14848K, reserved 1062912K
  class space    used 1660K, capacity 1749K, committed 1792K, reserved 1048576K
Event: 2.629 GC heap after
Heap after GC invocations=5 (full 0):
 PSYoungGen      total 71680K, used 5113K [0x00000000d5700000, 0x00000000e1300000, 0x0000000100000000)
  eden space 66560K, 0% used [0x00000000d5700000,0x00000000d5700000,0x00000000d9800000)
  from space 5120K, 99% used [0x00000000d9800000,0x00000000d9cfe488,0x00000000d9d00000)
  to   space 29696K, 0% used [0x00000000df600000,0x00000000df600000,0x00000000e1300000)
 ParOldGen       total 87552K, used 55775K [0x0000000080400000, 0x0000000085980000, 0x00000000d5700000)
  object space 87552K, 63% used [0x0000000080400000,0x0000000083a77fc0,0x0000000085980000)
 Metaspace       used 14198K, capacity 14462K, committed 14848K, reserved 1062912K
  class space    used 1660K, capacity 1749K, committed 1792K, reserved 1048576K
}
Event: 2.775 GC heap before
{Heap before GC invocations=6 (full 0):
 PSYoungGen      total 71680K, used 71673K [0x00000000d5700000, 0x00000000e1300000, 0x0000000100000000)
  eden space 66560K, 100% used [0x00000000d5700000,0x00000000d9800000,0x00000000d9800000)
  from space 5120K, 99% used [0x00000000d9800000,0x00000000d9cfe488,0x00000000d9d00000)
  to   space 29696K, 0% used [0x00000000df600000,0x00000000df600000,0x00000000e1300000)
 ParOldGen       total 87552K, used 55775K [0x0000000080400000, 0x0000000085980000, 0x00000000d5700000)
  object space 87552K, 63% used [0x0000000080400000,0x0000000083a77fc0,0x0000000085980000)
 Metaspace       used 14221K, capacity 14462K, committed 14848K, reserved 1062912K
  class space    used 1660K, capacity 1749K, committed 1792K, reserved 1048576K
Event: 2.779 GC heap after
Heap after GC invocations=6 (full 0):
 PSYoungGen      total 162304K, used 6061K [0x00000000d5700000, 0x00000000e1400000, 0x0000000100000000)
  eden space 132608K, 0% used [0x00000000d5700000,0x00000000d5700000,0x00000000dd880000)
  from space 29696K, 20% used [0x00000000df600000,0x00000000dfbeb488,0x00000000e1300000)
  to   space 30208K, 0% used [0x00000000dd880000,0x00000000dd880000,0x00000000df600000)
 ParOldGen       total 87552K, used 55783K [0x0000000080400000, 0x0000000085980000, 0x00000000d5700000)
  object space 87552K, 63% used [0x0000000080400000,0x0000000083a79fc0,0x0000000085980000)
 Metaspace       used 14221K, capacity 14462K, committed 14848K, reserved 1062912K
  class space    used 1660K, capacity 1749K, committed 1792K, reserved 1048576K
}
Event: 3.080 GC heap before
{Heap before GC invocations=7 (full 0):
 PSYoungGen      total 162304K, used 138669K [0x00000000d5700000, 0x00000000e1400000, 0x0000000100000000)
  eden space 132608K, 100% used [0x00000000d5700000,0x00000000dd880000,0x00000000dd880000)
  from space 29696K, 20% used [0x00000000df600000,0x00000000dfbeb488,0x00000000e1300000)
  to   space 30208K, 0% used [0x00000000dd880000,0x00000000dd880000,0x00000000df600000)
 ParOldGen       total 87552K, used 55783K [0x0000000080400000, 0x0000000085980000, 0x00000000d5700000)
  object space 87552K, 63% used [0x0000000080400000,0x0000000083a79fc0,0x0000000085980000)
 Metaspace       used 14282K, capacity 14534K, committed 14848K, reserved 1062912K
  class space    used 1660K, capacity 1749K, committed 1792K, reserved 1048576K
Event: 3.085 GC heap after
Heap after GC invocations=7 (full 0):
 PSYoungGen      total 162816K, used 3924K [0x00000000d5700000, 0x00000000e9500000, 0x0000000100000000)
  eden space 132608K, 0% used [0x00000000d5700000,0x00000000d5700000,0x00000000dd880000)
  from space 30208K, 12% used [0x00000000dd880000,0x00000000ddc55380,0x00000000df600000)
  to   space 30208K, 0% used [0x00000000e7780000,0x00000000e7780000,0x00000000e9500000)
 ParOldGen       total 87552K, used 57883K [0x0000000080400000, 0x0000000085980000, 0x00000000d5700000)
  object space 87552K, 66% used [0x0000000080400000,0x0000000083c86f48,0x0000000085980000)
 Metaspace       used 14282K, capacity 14534K, committed 14848K, reserved 1062912K
  class space    used 1660K, capacity 1749K, committed 1792K, reserved 1048576K
}

