# JRE version: Java(TM) SE Runtime Environment (8.0_111-b14) (build 1.8.0_111-b14)
# Java VM: Java HotSpot(TM) 64-Bit Server VM (25.111-b14 mixed mode windows-amd64 compressed oops)
Heap:
 PSYoungGen      total 162816K, used 52599K [0x00000000d5700000, 0x00000000e9500000, 0x0000000100000000)
  eden space 132608K, 37% used [0x00000000d5700000,0x00000000d875a7c8,0x00000000dd880000)
  from space 30208K, 10% used [0x00000000dd880000,0x00000000ddb83570,0x00000000df600000)
  to   space 30208K, 0% used [0x00000000e7780000,0x00000000e7780000,0x00000000e9500000)
 ParOldGen       total 87552K, used 56963K [0x0000000080400000, 0x0000000085980000, 0x00000000d5700000)
  object space 87552K, 65% used [0x0000000080400000,0x0000000083ba0c50,0x0000000085980000)
 Metaspace       used 14531K, capacity 14800K, committed 15104K, reserved 1062912K
  class space    used 1669K, capacity 1752K, committed 1792K, reserved 1048576K
GC Heap History (10 events):
Event: 1.487 GC heap before
{Heap before GC invocations=3 (full 0):
 PSYoungGen      total 38400K, used 38378K [0x00000000d5700000, 0x00000000da200000, 0x0000000100000000)
  eden space 33280K, 99% used [0x00000000d5700000,0x00000000d777c8e8,0x00000000d7780000)
  from space 5120K, 99% used [0x00000000d7c80000,0x00000000d817e1f8,0x00000000d8180000)
  to   space 5120K, 0% used [0x00000000d7780000,0x00000000d7780000,0x00000000d7c80000)
 ParOldGen       total 87552K, used 18277K [0x0000000080400000, 0x0000000085980000, 0x00000000d5700000)
  object space 87552K, 20% used [0x0000000080400000,0x00000000815d9408,0x0000000085980000)
 Metaspace       used 7429K, capacity 7602K, committed 7808K, reserved 1056768K
  class space    used 810K, capacity 864K, committed 896K, reserved 1048576K
Event: 1.499 GC heap after
Heap after GC invocations=3 (full 0):
 PSYoungGen      total 38400K, used 5105K [0x00000000d5700000, 0x00000000da200000, 0x0000000100000000)
  eden space 33280K, 0% used [0x00000000d5700000,0x00000000d5700000,0x00000000d7780000)
  from space 5120K, 99% used [0x00000000d7780000,0x00000000d7c7c498,0x00000000d7c80000)
  to   space 5120K, 0% used [0x00000000d9d00000,0x00000000d9d00000,0x00000000da200000)
 ParOldGen       total 87552K, used 35589K [0x0000000080400000, 0x0000000085980000, 0x00000000d5700000)
  object space 87552K, 40% used [0x0000000080400000,0x00000000826c1660,0x0000000085980000)
 Metaspace       used 7429K, capacity 7602K, committed 7808K, reserved 1056768K
  class space    used 810K, capacity 864K, committed 896K, reserved 1048576K
}
Event: 1.973 GC heap before
{Heap before GC invocations=4 (full 0):
 PSYoungGen      total 38400K, used 38385K [0x00000000d5700000, 0x00000000da200000, 0x0000000100000000)
  eden space 33280K, 100% used [0x00000000d5700000,0x00000000d7780000,0x00000000d7780000)
  from space 5120K, 99% used [0x00000000d7780000,0x00000000d7c7c498,0x00000000d7c80000)
  to   space 5120K, 0% used [0x00000000d9d00000,0x00000000d9d00000,0x00000000da200000)
 ParOldGen       total 87552K, used 35589K [0x0000000080400000, 0x0000000085980000, 0x00000000d5700000)
  object space 87552K, 40% used [0x0000000080400000,0x00000000826c1660,0x0000000085980000)
 Metaspace       used 10679K, capacity 10904K, committed 11136K, reserved 1058816K
  class space    used 1253K, capacity 1326K, committed 1408K, reserved 1048576K
Event: 1.987 GC heap after
Heap after GC invocations=4 (full 0):
 PSYoungGen      total 71680K, used 5116K [0x00000000d5700000, 0x00000000da200000, 0x0000000100000000)
  eden space 66560K, 0% used [0x00000000d5700000,0x00000000d5700000,0x00000000d9800000)
  from space 5120K, 99% used [0x00000000d9d00000,0x00000000da1ff398,0x00000000da200000)
  to   space 5120K, 0% used [0x00000000d9800000,0x00000000d9800000,0x00000000d9d00000)
 ParOldGen       total 87552K, used 53642K [0x0000000080400000, 0x0000000085980000, 0x00000000d5700000)
  object space 87552K, 61% used [0x0000000080400000,0x0000000083862a10,0x0000000085980000)
 Metaspace       used 10679K, capacity 10904K, committed 11136K, reserved 1058816K
  class space    used 1253K, capacity 1326K, committed 1408K, reserved 1048576K
}
Event: 2.547 GC heap before
{Heap before GC invocations=5 (full 0):
 PSYoungGen      total 71680K, used 71676K [0x00000000d5700000, 0x00000000da200000, 0x0000000100000000)
  eden space 66560K, 100% used [0x00000000d5700000,0x00000000d9800000,0x00000000d9800000)
  from space 5120K, 99% used [0x00000000d9d00000,0x00000000da1ff398,0x00000000da200000)
  to   space 5120K, 0% used [0x00000000d9800000,0x00000000d9800000,0x00000000d9d00000)
 ParOldGen       total 87552K, used 53642K [0x0000000080400000, 0x0000000085980000, 0x00000000d5700000)
  object space 87552K, 61% used [0x0000000080400000,0x0000000083862a10,0x0000000085980000)
 Metaspace       used 14194K, capacity 14406K, committed 14592K, reserved 1062912K
  class space    used 1660K, capacity 1749K, committed 1792K, reserved 1048576K
Event: 2.553 GC heap after
Heap after GC invocations=5 (full 0):
 PSYoungGen      total 71680K, used 5102K [0x00000000d5700000, 0x00000000e1300000, 0x0000000100000000)
  eden space 66560K, 0% used [0x00000000d5700000,0x00000000d5700000,0x00000000d9800000)
  from space 5120K, 99% used [0x00000000d9800000,0x00000000d9cfb830,0x00000000d9d00000)
  to   space 29696K, 0% used [0x00000000df600000,0x00000000df600000,0x00000000e1300000)
 ParOldGen       total 87552K, used 54821K [0x0000000080400000, 0x0000000085980000, 0x00000000d5700000)
  object space 87552K, 62% used [0x0000000080400000,0x0000000083989708,0x0000000085980000)
 Metaspace       used 14194K, capacity 14406K, committed 14592K, reserved 1062912K
  class space    used 1660K, capacity 1749K, committed 1792K, reserved 1048576K
}
Event: 2.703 GC heap before
{Heap before GC invocations=6 (full 0):
 PSYoungGen      total 71680K, used 71662K [0x00000000d5700000, 0x00000000e1300000, 0x0000000100000000)
  eden space 66560K, 100% used [0x00000000d5700000,0x00000000d9800000,0x00000000d9800000)
  from space 5120K, 99% used [0x00000000d9800000,0x00000000d9cfb830,0x00000000d9d00000)
  to   space 29696K, 0% used [0x00000000df600000,0x00000000df600000,0x00000000e1300000)
 ParOldGen       total 87552K, used 54821K [0x0000000080400000, 0x0000000085980000, 0x00000000d5700000)
  object space 87552K, 62% used [0x0000000080400000,0x0000000083989708,0x0000000085980000)
 Metaspace       used 14203K, capacity 14406K, committed 14592K, reserved 1062912K
  class space    used 1660K, capacity 1749K, committed 1792K, reserved 1048576K
Event: 2.707 GC heap after
Heap after GC invocations=6 (full 0):
 PSYoungGen      total 162304K, used 5157K [0x00000000d5700000, 0x00000000e1400000, 0x0000000100000000)
  eden space 132608K, 0% used [0x00000000d5700000,0x00000000d5700000,0x00000000dd880000)
  from space 29696K, 17% used [0x00000000df600000,0x00000000dfb09418,0x00000000e1300000)
  to   space 30208K, 0% used [0x00000000dd880000,0x00000000dd880000,0x00000000df600000)
 ParOldGen       total 87552K, used 54829K [0x0000000080400000, 0x0000000085980000, 0x00000000d5700000)
  object space 87552K, 62% used [0x0000000080400000,0x000000008398b708,0x0000000085980000)
 Metaspace       used 14203K, capacity 14406K, committed 14592K, reserved 1062912K
  class space    used 1660K, capacity 1749K, committed 1792K, reserved 1048576K
}
Event: 3.013 GC heap before
{Heap before GC invocations=7 (full 0):
 PSYoungGen      total 162304K, used 137765K [0x00000000d5700000, 0x00000000e1400000, 0x0000000100000000)
  eden space 132608K, 100% used [0x00000000d5700000,0x00000000dd880000,0x00000000dd880000)
  from space 29696K, 17% used [0x00000000df600000,0x00000000dfb09418,0x00000000e1300000)
  to   space 30208K, 0% used [0x00000000dd880000,0x00000000dd880000,0x00000000df600000)
 ParOldGen       total 87552K, used 54829K [0x0000000080400000, 0x0000000085980000, 0x00000000d5700000)
  object space 87552K, 62% used [0x0000000080400000,0x000000008398b708,0x0000000085980000)
 Metaspace       used 14236K, capacity 14470K, committed 14848K, reserved 1062912K
  class space    used 1660K, capacity 1749K, committed 1792K, reserved 1048576K
Event: 3.018 GC heap after
Heap after GC invocations=7 (full 0):
 PSYoungGen      total 162816K, used 3085K [0x00000000d5700000, 0x00000000e9500000, 0x0000000100000000)
  eden space 132608K, 0% used [0x00000000d5700000,0x00000000d5700000,0x00000000dd880000)
  from space 30208K, 10% used [0x00000000dd880000,0x00000000ddb83570,0x00000000df600000)
  to   space 30208K, 0% used [0x00000000e7780000,0x00000000e7780000,0x00000000e9500000)
 ParOldGen       total 87552K, used 56963K [0x0000000080400000, 0x0000000085980000, 0x00000000d5700000)
  object space 87552K, 65% used [0x0000000080400000,0x0000000083ba0c50,0x0000000085980000)
 Metaspace       used 14236K, capacity 14470K, committed 14848K, reserved 1062912K
  class space    used 1660K, capacity 1749K, committed 1792K, reserved 1048576K
}

